Server is running on port 5000
events.js:186
      throw er; // Unhandled 'error' event
      ^

Error: listen EADDRINUSE: address already in use :::5000
    at Server.setupListenHandle [as _listen2] (net.js:1298:14)
    at listenInCluster (net.js:1346:12)
    at Server.listen (net.js:1434:7)
    at Function.listen (/Users/ab/Documents/projects/code_sparks_mavenir_sep_2019/02 Express/Kalpi-structured/node_modules/express/lib/application.js:618:24)
    at Object.<anonymous> (/Users/ab/Documents/projects/code_sparks_mavenir_sep_2019/02 Express/Kalpi-structured/app.js:21:5)
    at Module._compile (internal/modules/cjs/loader.js:936:30)
    at Object.Module._extensions..js (internal/modules/cjs/loader.js:947:10)
    at Module.load (internal/modules/cjs/loader.js:790:32)
    at Function.Module._load (internal/modules/cjs/loader.js:703:12)
    at Function.Module.runMain (internal/modules/cjs/loader.js:999:10)
Emitted 'error' event on Server instance at:
    at emitErrorNT (net.js:1325:8)
    at processTicksAndRejections (internal/process/task_queues.js:80:21) {
  code: 'EADDRINUSE',
  errno: 'EADDRINUSE',
  syscall: 'listen',
  address: '::',
  port: 5000
}
